{"/Users/jamieg/Documents/SideStuff/react-basic-structure/src/components/place/place.js": {"path":"/Users/jamieg/Documents/SideStuff/react-basic-structure/src/components/place/place.js","statementMap":{"0":{"start":{"line":4,"column":1},"end":{"line":8,"column":3}}},"fnMap":{"0":{"name":"Place","decl":{"start":{"line":3,"column":24},"end":{"line":3,"column":29}},"loc":{"start":{"line":3,"column":37},"end":{"line":9,"column":1}},"line":3}},"branchMap":{},"s":{"0":1},"f":{"0":1},"b":{},"_coverageSchema":"332fd63041d2c1bcb487cc26dd0d5f7d97098a6c","hash":"689079fdc6290970736e836c6ae14fbeefe9d283"}
}
